<?xml version="1.0" encoding="UTF-8"?>
<testng-results total="2" passed="2" failed="0" skipped="0">
  <reporter-output>
  </reporter-output>
  <suite started-at="2020-02-05T02:47:34Z" name="Default suite" finished-at="2020-02-05T02:47:50Z" duration-ms="15919">
    <groups>
    </groups>
    <test started-at="2020-02-05T02:47:34Z" name="Default test" finished-at="2020-02-05T02:47:50Z" duration-ms="15919">
      <class name="com.crm.qa.testcases.LoginPageTest">
        <test-method is-config="true" signature="setUp()[pri:0, instance:com.crm.qa.testcases.LoginPageTest@3b2cf7ab]" started-at="2020-02-04T21:47:34Z" name="setUp" finished-at="2020-02-04T21:47:42Z" duration-ms="7883" status="PASS">
          <reporter-output>
          </reporter-output>
        </test-method> <!-- setUp -->
        <test-method signature="validateloginpagetitileTest()[pri:0, instance:com.crm.qa.testcases.LoginPageTest@3b2cf7ab]" started-at="2020-02-04T21:47:42Z" name="validateloginpagetitileTest" finished-at="2020-02-04T21:47:42Z" duration-ms="32" status="PASS">
          <reporter-output>
          </reporter-output>
        </test-method> <!-- validateloginpagetitileTest -->
        <test-method is-config="true" signature="teardown()[pri:0, instance:com.crm.qa.testcases.LoginPageTest@3b2cf7ab]" started-at="2020-02-04T21:47:42Z" name="teardown" finished-at="2020-02-04T21:47:42Z" duration-ms="0" status="PASS">
          <reporter-output>
          </reporter-output>
        </test-method> <!-- teardown -->
        <test-method is-config="true" signature="setUp()[pri:0, instance:com.crm.qa.testcases.LoginPageTest@3b2cf7ab]" started-at="2020-02-04T21:47:42Z" name="setUp" finished-at="2020-02-04T21:47:49Z" duration-ms="6739" status="PASS">
          <reporter-output>
          </reporter-output>
        </test-method> <!-- setUp -->
        <test-method signature="loginTest()[pri:0, instance:com.crm.qa.testcases.LoginPageTest@3b2cf7ab]" started-at="2020-02-04T21:47:49Z" name="loginTest" finished-at="2020-02-04T21:47:50Z" duration-ms="1242" status="PASS">
          <reporter-output>
          </reporter-output>
        </test-method> <!-- loginTest -->
        <test-method is-config="true" signature="teardown()[pri:0, instance:com.crm.qa.testcases.LoginPageTest@3b2cf7ab]" started-at="2020-02-04T21:47:50Z" name="teardown" finished-at="2020-02-04T21:47:50Z" duration-ms="0" status="PASS">
          <reporter-output>
          </reporter-output>
        </test-method> <!-- teardown -->
      </class> <!-- com.crm.qa.testcases.LoginPageTest -->
    </test> <!-- Default test -->
  </suite> <!-- Default suite -->
</testng-results>
