<?xml version="1.0" encoding="UTF-8"?>
<testng-results ignored="0" total="4" passed="4" failed="0" skipped="0">
  <reporter-output>
  </reporter-output>
  <suite started-at="2020-01-21T11:46:51 EST" name="Default suite" finished-at="2020-01-21T11:46:51 EST" duration-ms="105">
    <groups>
    </groups>
    <test started-at="2020-01-21T11:46:51 EST" name="Default test" finished-at="2020-01-21T11:46:51 EST" duration-ms="105">
      <class name="firsttestngpackage.MultipleTestWithPriority">
        <test-method is-config="true" signature="beforetest()[pri:0, instance:firsttestngpackage.MultipleTestWithPriority@22635ba0]" started-at="2020-01-21T11:46:51 EST" name="beforetest" finished-at="2020-01-21T11:46:51 EST" duration-ms="16" status="PASS">
          <reporter-output>
          </reporter-output>
        </test-method> <!-- beforetest -->
        <test-method signature="d()[pri:0, instance:firsttestngpackage.MultipleTestWithPriority@22635ba0]" started-at="2020-01-21T11:46:51 EST" name="d" finished-at="2020-01-21T11:46:51 EST" duration-ms="8" status="PASS">
          <reporter-output>
          </reporter-output>
        </test-method> <!-- d -->
        <test-method signature="b()[pri:1, instance:firsttestngpackage.MultipleTestWithPriority@22635ba0]" started-at="2020-01-21T11:46:51 EST" name="b" finished-at="2020-01-21T11:46:51 EST" duration-ms="4" status="PASS">
          <reporter-output>
          </reporter-output>
        </test-method> <!-- b -->
        <test-method signature="c()[pri:2, instance:firsttestngpackage.MultipleTestWithPriority@22635ba0]" started-at="2020-01-21T11:46:51 EST" name="c" finished-at="2020-01-21T11:46:51 EST" duration-ms="8" status="PASS">
          <reporter-output>
          </reporter-output>
        </test-method> <!-- c -->
        <test-method signature="a()[pri:3, instance:firsttestngpackage.MultipleTestWithPriority@22635ba0]" started-at="2020-01-21T11:46:51 EST" name="a" finished-at="2020-01-21T11:46:51 EST" duration-ms="0" status="PASS">
          <reporter-output>
          </reporter-output>
        </test-method> <!-- a -->
        <test-method is-config="true" signature="aftertest()[pri:0, instance:firsttestngpackage.MultipleTestWithPriority@22635ba0]" started-at="2020-01-21T11:46:51 EST" name="aftertest" finished-at="2020-01-21T11:46:51 EST" duration-ms="0" status="PASS">
          <reporter-output>
          </reporter-output>
        </test-method> <!-- aftertest -->
      </class> <!-- firsttestngpackage.MultipleTestWithPriority -->
    </test> <!-- Default test -->
  </suite> <!-- Default suite -->
</testng-results>
