<?xml version="1.0" encoding="UTF-8"?>
<!-- Generated by org.testng.reporters.JUnitXMLReporter -->
<testsuite ignored="0" hostname="DESKTOP-A49CF4I" failures="0" tests="12" name="firsttestngpackage" time="48.142" errors="0" timestamp="2020-01-11T21:11:55 EST">
  <testcase classname="firsttestngpackage.FirstTestNGFile" name="verifyHomepageTitle" time="21.298"/>
  <testcase classname="firsttestngpackage.MultipleTest" name="a" time="0.004"/>
  <testcase classname="firsttestngpackage.MultipleTest" name="b" time="0.002"/>
  <testcase classname="firsttestngpackage.MultipleTest" name="c" time="0.002"/>
  <testcase classname="firsttestngpackage.MultipleTest" name="d" time="0.002"/>
  <testcase classname="firsttestngpackage.MultipleTestWithPriority" name="d" time="0.002"/>
  <testcase classname="firsttestngpackage.MultipleTestWithPriority" name="b" time="0.002"/>
  <testcase classname="firsttestngpackage.MultipleTestWithPriority" name="c" time="0.002"/>
  <testcase classname="firsttestngpackage.MultipleTestWithPriority" name="a" time="0.001"/>
  <testcase classname="firsttestngpackage.TestGuru99MultipleSession" name="executSessionOne" time="5.513"/>
  <testcase classname="firsttestngpackage.TestGuru99MultipleSession" name="executSessionThree" time="7.851"/>
  <testcase classname="firsttestngpackage.TestGuru99MultipleSession" name="executeSessionTwo" time="13.372"/>
</testsuite> <!-- firsttestngpackage -->
