<?xml version="1.0" encoding="UTF-8"?>
<!-- Generated by org.testng.reporters.JUnitXMLReporter -->
<testsuite ignored="0" hostname="DESKTOP-A49CF4I" failures="0" tests="3" name="MS_2" time="0.312" errors="0" timestamp="2020-01-12T00:55:44 EST">
  <testcase classname="firsttestngpackage.ParaDemo_1" name="parademo_1" time="0.048"/>
  <testcase classname="firsttestngpackage.ParaDemo_1" name="parademo_1" time="0.048"/>
  <testcase classname="firsttestngpackage.ParaDemo_1" name="parademo_1" time="0.046"/>
</testsuite> <!-- MS_2 -->
