<?xml version="1.0" encoding="UTF-8"?>
<!-- Generated by org.testng.reporters.JUnitXMLReporter -->
<testsuite ignored="0" hostname="DESKTOP-A49CF4I" failures="0" tests="4" name="MTP" time="0.057" errors="0" timestamp="2020-01-11T21:18:32 EST">
  <testcase classname="firsttestngpackage.MultipleTestWithPriority" name="d" time="0.002"/>
  <testcase classname="firsttestngpackage.MultipleTestWithPriority" name="b" time="0.003"/>
  <testcase classname="firsttestngpackage.MultipleTestWithPriority" name="c" time="0.005"/>
  <testcase classname="firsttestngpackage.MultipleTestWithPriority" name="a" time="0.002"/>
</testsuite> <!-- MTP -->
